Test/Library/Bee/Android/Prj/Mono2x/Gradle/launcher/build/intermediates/manifest_merge_blame_file/release/manifest-merger-blame-release-report.txt
1<?xml version="1.0" encoding="utf-8"?>
2<manifest xmlns:android="http://schemas.android.com/apk/res/android"
3    package="com.DefaultCompany.Test"
4    android:installLocation="preferExternal"
5    android:versionCode="1"
6    android:versionName="1.0" >
7
8    <uses-sdk
9        android:minSdkVersion="22"
9-->src\main\AndroidManifest.xml
10        android:targetSdkVersion="32" />
10-->src\main\AndroidManifest.xml
11
12    <supports-screens
12-->src\main\AndroidManifest.xml:4:3-163
13        android:anyDensity="true"
13-->src\main\AndroidManifest.xml:4:135-160
14        android:largeScreens="true"
14-->src\main\AndroidManifest.xml:4:78-105
15        android:normalScreens="true"
15-->src\main\AndroidManifest.xml:4:49-77
16        android:smallScreens="true"
16-->src\main\AndroidManifest.xml:4:21-48
17        android:xlargeScreens="true" />
17-->src\main\AndroidManifest.xml:4:106-134
18
19    <uses-permission android:name="android.permission.INTERNET" />
19-->[:unityLibrary] AndroidManifest.xml:10:5-67
19-->[:unityLibrary] AndroidManifest.xml:10:22-64
20    <uses-permission android:name="android.permission.ACCESS_NETWORK_STATE" />
20-->[:unityLibrary] AndroidManifest.xml:11:5-79
20-->[:unityLibrary] AndroidManifest.xml:11:22-76
21
22    <uses-feature android:glEsVersion="0x00030000" />
22-->[:unityLibrary] AndroidManifest.xml:13:5-54
22-->[:unityLibrary] AndroidManifest.xml:13:19-51
23    <uses-feature
23-->[:unityLibrary] AndroidManifest.xml:14:5-16:36
24        android:name="android.hardware.vulkan.version"
24-->[:unityLibrary] AndroidManifest.xml:15:9-55
25        android:required="false" />
25-->[:unityLibrary] AndroidManifest.xml:16:9-33
26    <uses-feature
26-->[:unityLibrary] AndroidManifest.xml:17:5-19:36
27        android:name="android.hardware.touchscreen"
27-->[:unityLibrary] AndroidManifest.xml:18:9-52
28        android:required="false" />
28-->[:unityLibrary] AndroidManifest.xml:19:9-33
29    <uses-feature
29-->[:unityLibrary] AndroidManifest.xml:20:5-22:36
30        android:name="android.hardware.touchscreen.multitouch"
30-->[:unityLibrary] AndroidManifest.xml:21:9-63
31        android:required="false" />
31-->[:unityLibrary] AndroidManifest.xml:22:9-33
32    <uses-feature
32-->[:unityLibrary] AndroidManifest.xml:23:5-25:36
33        android:name="android.hardware.touchscreen.multitouch.distinct"
33-->[:unityLibrary] AndroidManifest.xml:24:9-72
34        android:required="false" />
34-->[:unityLibrary] AndroidManifest.xml:25:9-33
35
36    <uses-permission android:name="com.android.vending.BILLING" />
36-->[:billing-5.2.1:] AndroidManifest.xml:10:5-67
36-->[:billing-5.2.1:] AndroidManifest.xml:10:22-64
37    <!--
38    This has been added to conform with requirement from Android 11 (API level 30) onwards
39    (http://screen/9iGdBMRWDmVbRJ6), after getting confirmation in http://yaqs/995038231927980032#a1
40    -->
41    <queries>
41-->[:billing-5.2.1:] AndroidManifest.xml:16:5-20:15
42        <intent>
42-->[:billing-5.2.1:] AndroidManifest.xml:17:9-19:18
43            <action android:name="com.android.vending.billing.InAppBillingService.BIND" />
43-->[:billing-5.2.1:] AndroidManifest.xml:18:13-91
43-->[:billing-5.2.1:] AndroidManifest.xml:18:21-88
44        </intent>
45    </queries>
46
47    <application
47-->src\main\AndroidManifest.xml:3:3-83
48        android:extractNativeLibs="true"
48-->[:unityLibrary] AndroidManifest.xml:27:18-50
49        android:icon="@mipmap/app_icon"
49-->src\main\AndroidManifest.xml:3:49-80
50        android:label="@string/app_name" >
50-->src\main\AndroidManifest.xml:3:16-48
51        <meta-data
51-->[:unityLibrary] AndroidManifest.xml:28:9-30:33
52            android:name="unity.splash-mode"
52-->[:unityLibrary] AndroidManifest.xml:29:13-45
53            android:value="0" />
53-->[:unityLibrary] AndroidManifest.xml:30:13-30
54        <meta-data
54-->[:unityLibrary] AndroidManifest.xml:31:9-33:36
55            android:name="unity.splash-enable"
55-->[:unityLibrary] AndroidManifest.xml:32:13-47
56            android:value="True" />
56-->[:unityLibrary] AndroidManifest.xml:33:13-33
57        <meta-data
57-->[:unityLibrary] AndroidManifest.xml:34:9-36:36
58            android:name="unity.launch-fullscreen"
58-->[:unityLibrary] AndroidManifest.xml:35:13-51
59            android:value="True" />
59-->[:unityLibrary] AndroidManifest.xml:36:13-33
60        <meta-data
60-->[:unityLibrary] AndroidManifest.xml:37:9-39:37
61            android:name="unity.allow-resizable-window"
61-->[:unityLibrary] AndroidManifest.xml:38:13-56
62            android:value="False" />
62-->[:unityLibrary] AndroidManifest.xml:39:13-34
63        <meta-data
63-->[:unityLibrary] AndroidManifest.xml:40:9-42:50
64            android:name="notch.config"
64-->[:unityLibrary] AndroidManifest.xml:41:13-40
65            android:value="portrait|landscape" />
65-->[:unityLibrary] AndroidManifest.xml:42:13-47
66        <meta-data
66-->[:unityLibrary] AndroidManifest.xml:43:9-45:36
67            android:name="unity.auto-report-fully-drawn"
67-->[:unityLibrary] AndroidManifest.xml:44:13-57
68            android:value="true" />
68-->[:unityLibrary] AndroidManifest.xml:45:13-33
69
70        <activity
70-->[:unityLibrary] AndroidManifest.xml:47:9-68:20
71            android:name="com.unity3d.player.UnityPlayerActivity"
71-->[:unityLibrary] AndroidManifest.xml:48:13-66
72            android:configChanges="mcc|mnc|locale|touchscreen|keyboard|keyboardHidden|navigation|orientation|screenLayout|uiMode|screenSize|smallestScreenSize|fontScale|layoutDirection|density"
72-->[:unityLibrary] AndroidManifest.xml:49:13-194
73            android:exported="true"
73-->[:unityLibrary] AndroidManifest.xml:50:13-36
74            android:hardwareAccelerated="false"
74-->[:unityLibrary] AndroidManifest.xml:51:13-48
75            android:launchMode="singleTask"
75-->[:unityLibrary] AndroidManifest.xml:52:13-44
76            android:resizeableActivity="false"
76-->[:unityLibrary] AndroidManifest.xml:53:13-47
77            android:screenOrientation="fullUser"
77-->[:unityLibrary] AndroidManifest.xml:54:13-49
78            android:theme="@style/UnityThemeSelector" >
78-->[:unityLibrary] AndroidManifest.xml:55:13-54
79            <intent-filter>
79-->[:unityLibrary] AndroidManifest.xml:56:13-60:29
80                <category android:name="android.intent.category.LAUNCHER" />
80-->[:unityLibrary] AndroidManifest.xml:57:17-77
80-->[:unityLibrary] AndroidManifest.xml:57:27-74
81
82                <action android:name="android.intent.action.MAIN" />
82-->[:unityLibrary] AndroidManifest.xml:59:17-69
82-->[:unityLibrary] AndroidManifest.xml:59:25-66
83            </intent-filter>
84
85            <meta-data
85-->[:unityLibrary] AndroidManifest.xml:62:13-64:40
86                android:name="unityplayer.UnityActivity"
86-->[:unityLibrary] AndroidManifest.xml:63:17-57
87                android:value="true" />
87-->[:unityLibrary] AndroidManifest.xml:64:17-37
88            <meta-data
88-->[:unityLibrary] AndroidManifest.xml:65:13-67:40
89                android:name="notch_support"
89-->[:unityLibrary] AndroidManifest.xml:66:17-45
90                android:value="true" />
90-->[:unityLibrary] AndroidManifest.xml:67:17-37
91        </activity>
92
93        <meta-data
93-->[:billing-5.2.1:] AndroidManifest.xml:23:9-25:37
94            android:name="com.google.android.play.billingclient.version"
94-->[:billing-5.2.1:] AndroidManifest.xml:24:13-73
95            android:value="5.2.1" />
95-->[:billing-5.2.1:] AndroidManifest.xml:25:13-34
96
97        <activity
97-->[:billing-5.2.1:] AndroidManifest.xml:27:9-31:75
98            android:name="com.android.billingclient.api.ProxyBillingActivity"
98-->[:billing-5.2.1:] AndroidManifest.xml:28:13-78
99            android:configChanges="keyboard|keyboardHidden|screenLayout|screenSize|orientation"
99-->[:billing-5.2.1:] AndroidManifest.xml:29:13-96
100            android:exported="false"
100-->[:billing-5.2.1:] AndroidManifest.xml:30:13-37
101            android:theme="@android:style/Theme.Translucent.NoTitleBar" />
101-->[:billing-5.2.1:] AndroidManifest.xml:31:13-72
102    </application>
103
104</manifest>